This is pdfTeX, Version 3.14159265-2.6-1.40.19 (TeX Live 2018) (preloaded format=latex 2019.2.13)  13 FEB 2019 19:06
entering extended mode
 restricted \write18 enabled.
 %&-line parsing enabled.
**sample.tex
(./sample.tex
LaTeX2e <2018-04-01> patch level 2
Babel <3.18> and hyphenation patterns for 22 language(s) loaded.
(/usr/local/texlive/2018basic/texmf-dist/tex/platex/jsclasses/jsbook.cls

! LaTeX Error: This file needs format `pLaTeX2e'
               but this is `LaTeX2e'.

See the LaTeX manual or LaTeX Companion for explanation.
Type  H <return>  for immediate help.
 ...                                              
                                                  
l.26 \NeedsTeXFormat{pLaTeX2e}
                              
? 
! Emergency stop.
 ...                                              
                                                  
l.26 \NeedsTeXFormat{pLaTeX2e}
                              
The current input file will not be processed further,
because it was written for some other flavor of TeX.
You're in trouble here.  Try typing  <return>  to proceed.
If that doesn't work, type  X <return>  to quit.

 
Here is how much of TeX's memory you used:
 14 strings out of 494092
 558 string characters out of 6163549
 53177 words of memory out of 5000000
 3783 multiletter control sequences out of 15000+600000
 3640 words of font info for 14 fonts, out of 8000000 for 9000
 319 hyphenation exceptions out of 8191
 13i,0n,8p,72b,14s stack positions out of 5000i,500n,10000p,200000b,80000s
No pages of output.
